<?xml version="1.0" encoding="UTF-8"?>
<!-- Generated by org.testng.reporters.JUnitReportReporter -->
<testsuite skipped="0" hostname="DESKTOP-CE6NAIL" name="com.testng.TestNGBasics" tests="2" failures="0" timestamp="26 Jul 2020 14:05:44 GMT" time="0.017" errors="0">
  <testcase name="test1" time="0.008" classname="com.testng.TestNGBasics"/>
  <testcase name="test2" time="0.009" classname="com.testng.TestNGBasics"/>
</testsuite> <!-- com.testng.TestNGBasics -->
