<?xml version="1.0" encoding="UTF-8"?>
<!-- Generated by org.testng.reporters.JUnitReportReporter -->
<testsuite skipped="0" hostname="DESKTOP-CE6NAIL" name="com.testng.DataPicker" tests="1" failures="0" timestamp="09 Jun 2020 03:52:36 GMT" time="7.147" errors="0">
  <testcase name="Login" time="7.147" classname="com.testng.DataPicker"/>
</testsuite> <!-- com.testng.DataPicker -->
