<?xml version="1.0" encoding="UTF-8"?>
<!-- Generated by org.testng.reporters.JUnitReportReporter -->
<testsuite skipped="0" hostname="DESKTOP-CE6NAIL" name="com.testng.ParallelExecution" tests="3" failures="0" timestamp="04 Jun 2020 06:39:42 GMT" time="0.085" errors="0">
  <testcase name="testcase1" time="0.049" classname="com.testng.ParallelExecution"/>
  <testcase name="testcase2" time="0.028" classname="com.testng.ParallelExecution"/>
  <testcase name="testcase3" time="0.008" classname="com.testng.ParallelExecution"/>
</testsuite> <!-- com.testng.ParallelExecution -->
