<?xml version="1.0" encoding="UTF-8"?>
<!-- Generated by org.testng.reporters.JUnitReportReporter -->
<testsuite skipped="0" hostname="DESKTOP-CE6NAIL" name="com.testng.MouseHandling" tests="1" failures="0" timestamp="08 Jun 2020 23:55:53 GMT" time="11.329" errors="0">
  <testcase name="login" time="11.329" classname="com.testng.MouseHandling"/>
</testsuite> <!-- com.testng.MouseHandling -->
