<?xml version="1.0" encoding="UTF-8"?>
<!-- Generated by org.testng.reporters.JUnitReportReporter -->
<testsuite skipped="0" hostname="DESKTOP-CE6NAIL" name="com.testng.ScrollDown" tests="1" failures="0" timestamp="09 Jun 2020 04:27:21 GMT" time="6.073" errors="0">
  <testcase name="Login" time="6.073" classname="com.testng.ScrollDown"/>
</testsuite> <!-- com.testng.ScrollDown -->
