<?xml version="1.0" encoding="UTF-8"?>
<!-- Generated by org.testng.reporters.JUnitReportReporter -->
<testsuite skipped="0" hostname="DESKTOP-CE6NAIL" name="com.testng.ParallelExecution1" tests="3" failures="0" timestamp="04 Jun 2020 06:39:42 GMT" time="0.099" errors="0">
  <testcase name="testcase5" time="0.003" classname="com.testng.ParallelExecution1"/>
  <testcase name="testcase4" time="0.094" classname="com.testng.ParallelExecution1"/>
  <testcase name="testcase6" time="0.002" classname="com.testng.ParallelExecution1"/>
</testsuite> <!-- com.testng.ParallelExecution1 -->
