<?xml version="1.0" encoding="UTF-8"?>
<!-- Generated by org.testng.reporters.JUnitReportReporter -->
<testsuite skipped="0" hostname="DESKTOP-CE6NAIL" name="com.homework.testcases.Actions_hw" tests="1" failures="0" timestamp="09 Jun 2020 07:13:19 GMT" time="16.809" errors="0">
  <testcase name="Login" time="16.809" classname="com.homework.testcases.Actions_hw"/>
</testsuite> <!-- com.homework.testcases.Actions_hw -->
