<?xml version="1.0" encoding="UTF-8"?>
<!-- Generated by org.testng.reporters.JUnitReportReporter -->
<testsuite skipped="0" hostname="DESKTOP-CE6NAIL" name="com.testng.DependsOnGroups" tests="2" failures="0" timestamp="04 Jun 2020 17:19:53 GMT" time="0.040" errors="0">
  <testcase name="search" time="0.006" classname="com.testng.DependsOnGroups"/>
  <testcase name="logout" time="0.034" classname="com.testng.DependsOnGroups"/>
</testsuite> <!-- com.testng.DependsOnGroups -->
