<?xml version="1.0" encoding="UTF-8"?>
<!-- Generated by org.testng.reporters.JUnitReportReporter -->
<testsuite skipped="0" hostname="DESKTOP-CE6NAIL" name="testng.Parameters_Test" tests="1" failures="0" timestamp="12 Aug 2020 06:38:40 GMT" time="0.018" errors="0">
  <testcase name="test1" time="0.018" classname="testng.Parameters_Test"/>
</testsuite> <!-- testng.Parameters_Test -->
