<?xml version="1.0" encoding="UTF-8"?>
<!-- Generated by org.testng.reporters.JUnitReportReporter -->
<testsuite skipped="0" hostname="DESKTOP-CE6NAIL" name="testng.DataProvider_Example" tests="2" failures="0" timestamp="12 Aug 2020 02:15:48 GMT" time="0.027" errors="0">
  <testcase name="test" time="0.004" classname="testng.DataProvider_Example"/>
  <testcase name="test" time="0.023" classname="testng.DataProvider_Example"/>
</testsuite> <!-- testng.DataProvider_Example -->
