<?xml version="1.0" encoding="UTF-8"?>
<!-- Generated by org.testng.reporters.JUnitReportReporter -->
<testsuite skipped="0" hostname="DESKTOP-CE6NAIL" name="com.testng.KeyboardHandling" tests="1" failures="0" timestamp="09 Jun 2020 06:05:59 GMT" time="7.616" errors="0">
  <testcase name="Login" time="7.616" classname="com.testng.KeyboardHandling"/>
</testsuite> <!-- com.testng.KeyboardHandling -->
