<?xml version="1.0" encoding="UTF-8"?>
<!-- Generated by org.testng.reporters.JUnitReportReporter -->
<testsuite skipped="0" hostname="DESKTOP-CE6NAIL" name="com.testng.FrameHandling" tests="1" failures="0" timestamp="09 Jun 2020 05:45:27 GMT" time="6.689" errors="0">
  <testcase name="Login" time="6.689" classname="com.testng.FrameHandling"/>
</testsuite> <!-- com.testng.FrameHandling -->
