<?xml version="1.0" encoding="UTF-8"?>
<!-- Generated by org.testng.reporters.JUnitReportReporter -->
<testsuite skipped="0" hostname="DESKTOP-CE6NAIL" name="com.testng.prioritytestcase" tests="3" failures="0" timestamp="04 Jun 2020 06:39:42 GMT" time="0.011" errors="0">
  <testcase name="testcase3" time="0.003" classname="com.testng.prioritytestcase"/>
  <testcase name="testcase1" time="0.006" classname="com.testng.prioritytestcase"/>
  <testcase name="testcase2" time="0.002" classname="com.testng.prioritytestcase"/>
</testsuite> <!-- com.testng.prioritytestcase -->
