<?xml version="1.0" encoding="UTF-8"?>
<!-- Generated by org.testng.reporters.JUnitReportReporter -->
<testsuite skipped="0" hostname="DESKTOP-CE6NAIL" name="com.homework.testcases.WrapperClassTestng" tests="2" failures="0" timestamp="04 Jun 2020 16:33:47 GMT" time="6.176" errors="0">
  <testcase name="Login" time="1.964" classname="com.homework.testcases.WrapperClassTestng"/>
  <testcase name="Admin" time="4.212" classname="com.homework.testcases.WrapperClassTestng"/>
</testsuite> <!-- com.homework.testcases.WrapperClassTestng -->
